Start testing: Mar 06 13:03 EST
----------------------------------------------------------
1/1 Testing: test_simple_lp_program
1/1 Test: test_simple_lp_program
Command: "/Users/rustemkakimov/Code/thesis_container/thesis/cpp/or_tools/examples/simple_lp_program/build/bin/simple_lp_program"
Directory: /Users/rustemkakimov/Code/thesis_container/thesis/cpp/or_tools/examples/simple_lp_program/build
"test_simple_lp_program" start time: Mar 06 13:03 EST
Output:
----------------------------------------------------------
WARNING: All log messages before absl::InitializeLog() is called are written to STDERR
I0000 00:00:1741284203.264634 9526117 simple_lp_program.cc:36] Number of variables = 2
I0000 00:00:1741284203.264683 9526117 simple_lp_program.cc:50] Number of constraints = 2
I0000 00:00:1741284203.264960 9526117 simple_lp_program.cc:70] Solution:

I0000 00:00:1741284203.264966 9526117 simple_lp_program.cc:71] Objective value = 25
I0000 00:00:1741284203.264971 9526117 simple_lp_program.cc:72] x = 0
I0000 00:00:1741284203.264973 9526117 simple_lp_program.cc:73] y = 2.5
I0000 00:00:1741284203.264975 9526117 simple_lp_program.cc:77] 
Advanced usage:
I0000 00:00:1741284203.264977 9526117 simple_lp_program.cc:78] Problem solved in 0 milliseconds
I0000 00:00:1741284203.264981 9526117 simple_lp_program.cc:79] Problem solved in 0 iterations
<end of output>
Test time =   0.41 sec
----------------------------------------------------------
Test Passed.
"test_simple_lp_program" end time: Mar 06 13:03 EST
"test_simple_lp_program" time elapsed: 00:00:00
----------------------------------------------------------

End testing: Mar 06 13:03 EST
