Start testing: Mar 06 13:03 EST
----------------------------------------------------------
1/1 Testing: test_simple_max_flow_program
1/1 Test: test_simple_max_flow_program
Command: "/Users/rustemkakimov/Code/thesis_container/thesis/cpp/or_tools/examples/simple_max_flow_program/build/bin/simple_max_flow_program"
Directory: /Users/rustemkakimov/Code/thesis_container/thesis/cpp/or_tools/examples/simple_max_flow_program/build
"test_simple_max_flow_program" start time: Mar 06 13:03 EST
Output:
----------------------------------------------------------
WARNING: All log messages before absl::InitializeLog() is called are written to STDERR
I0000 00:00:1741284195.939953 9525434 simple_max_flow_program.cc:62] Solving the max flow problem failed. Solver status: 0
<end of output>
Test time =   0.28 sec
----------------------------------------------------------
Test Passed.
"test_simple_max_flow_program" end time: Mar 06 13:03 EST
"test_simple_max_flow_program" time elapsed: 00:00:00
----------------------------------------------------------

End testing: Mar 06 13:03 EST
