Start testing: Mar 06 13:03 EST
----------------------------------------------------------
1/1 Testing: test_vrp
1/1 Test: test_vrp
Command: "/Users/rustemkakimov/Code/thesis_container/thesis/cpp/or_tools/examples/vrp/build/bin/vrp"
Directory: /Users/rustemkakimov/Code/thesis_container/thesis/cpp/or_tools/examples/vrp/build
"test_vrp" start time: Mar 06 13:03 EST
Output:
----------------------------------------------------------
WARNING: All log messages before absl::InitializeLog() is called are written to STDERR
I0000 00:00:1741284233.661362 9527953 vrp.cc:78] Objective: 4384
I0000 00:00:1741284233.661402 9527953 vrp.cc:82] Route for Vehicle 0:
I0000 00:00:1741284233.661410 9527953 vrp.cc:92] 0 -> 0
I0000 00:00:1741284233.661414 9527953 vrp.cc:93] Distance of the route: 0m
I0000 00:00:1741284233.661416 9527953 vrp.cc:82] Route for Vehicle 1:
I0000 00:00:1741284233.661418 9527953 vrp.cc:92] 0 -> 0
I0000 00:00:1741284233.661420 9527953 vrp.cc:93] Distance of the route: 0m
I0000 00:00:1741284233.661422 9527953 vrp.cc:82] Route for Vehicle 2:
I0000 00:00:1741284233.661424 9527953 vrp.cc:92] 0 -> 0
I0000 00:00:1741284233.661426 9527953 vrp.cc:93] Distance of the route: 0m
I0000 00:00:1741284233.661427 9527953 vrp.cc:82] Route for Vehicle 3:
I0000 00:00:1741284233.661433 9527953 vrp.cc:92] 0 -> 9 -> 5 -> 8 -> 6 -> 2 -> 10 -> 16 -> 14 -> 13 -> 12 -> 11 -> 15 -> 3 -> 4 -> 1 -> 7 -> 0
I0000 00:00:1741284233.661435 9527953 vrp.cc:93] Distance of the route: 4384m
I0000 00:00:1741284233.661437 9527953 vrp.cc:96] Total distance of all routes: 4384m
I0000 00:00:1741284233.661439 9527953 vrp.cc:97] 
I0000 00:00:1741284233.661440 9527953 vrp.cc:98] Advanced usage:
I0000 00:00:1741284233.661442 9527953 vrp.cc:99] Problem solved in 3ms
<end of output>
Test time =   0.36 sec
----------------------------------------------------------
Test Passed.
"test_vrp" end time: Mar 06 13:03 EST
"test_vrp" time elapsed: 00:00:00
----------------------------------------------------------

End testing: Mar 06 13:03 EST
