Start testing: Mar 06 13:03 EST
----------------------------------------------------------
1/1 Testing: test_integer_programming
1/1 Test: test_integer_programming
Command: "/Users/rustemkakimov/Code/thesis_container/thesis/cpp/or_tools/examples/integer_programming/build/bin/integer_programming"
Directory: /Users/rustemkakimov/Code/thesis_container/thesis/cpp/or_tools/examples/integer_programming/build
"test_integer_programming" start time: Mar 06 13:03 EST
Output:
----------------------------------------------------------
I0306 13:03:06.808230 9524683 integer_programming.cc:27] ---- Integer programming example with CBC ----
I0306 13:03:06.809627 9524683 integer_programming.cc:63] Number of variables = 2
I0306 13:03:06.809638 9524683 integer_programming.cc:64] Number of constraints = 2
I0306 13:03:06.812207 9524683 integer_programming.cc:71] Solution:
I0306 13:03:06.812214 9524683 integer_programming.cc:72] x = 3
I0306 13:03:06.812219 9524683 integer_programming.cc:73] y = 2
I0306 13:03:06.812221 9524683 integer_programming.cc:74] Optimal objective value = 23
I0306 13:03:06.812223 9524683 integer_programming.cc:75] 
I0306 13:03:06.812225 9524683 integer_programming.cc:76] Advanced usage:
I0306 13:03:06.812226 9524683 integer_programming.cc:77] Problem solved in 2 milliseconds
I0306 13:03:06.812229 9524683 integer_programming.cc:78] Problem solved in 1 iterations
I0306 13:03:06.812233 9524683 integer_programming.cc:79] Problem solved in 0 branch-and-bound nodes
I0306 13:03:06.812285 9524683 integer_programming.cc:27] ---- Integer programming example with SAT ----
I0306 13:03:06.812298 9524683 integer_programming.cc:63] Number of variables = 2
I0306 13:03:06.812301 9524683 integer_programming.cc:64] Number of constraints = 2
I0306 13:03:06.816886 9524683 integer_programming.cc:71] Solution:
I0306 13:03:06.816898 9524683 integer_programming.cc:72] x = 3
I0306 13:03:06.816903 9524683 integer_programming.cc:73] y = 2
I0306 13:03:06.816905 9524683 integer_programming.cc:74] Optimal objective value = 23
I0306 13:03:06.816908 9524683 integer_programming.cc:75] 
I0306 13:03:06.816909 9524683 integer_programming.cc:76] Advanced usage:
I0306 13:03:06.816911 9524683 integer_programming.cc:77] Problem solved in 4 milliseconds
I0306 13:03:06.816913 9524683 integer_programming.cc:78] Problem solved in 0 iterations
I0306 13:03:06.816915 9524683 integer_programming.cc:79] Problem solved in 0 branch-and-bound nodes
I0306 13:03:06.816920 9524683 integer_programming.cc:27] ---- Integer programming example with SCIP ----
I0306 13:03:06.819358 9524683 integer_programming.cc:63] Number of variables = 2
I0306 13:03:06.819369 9524683 integer_programming.cc:64] Number of constraints = 2
<end of output>
Test time =   0.36 sec
----------------------------------------------------------
Test Passed.
"test_integer_programming" end time: Mar 06 13:03 EST
"test_integer_programming" time elapsed: 00:00:00
----------------------------------------------------------

End testing: Mar 06 13:03 EST
