Start testing: Mar 06 13:04 EST
----------------------------------------------------------
1/1 Testing: test_minimal_jobshop_cp
1/1 Test: test_minimal_jobshop_cp
Command: "/Users/rustemkakimov/Code/thesis_container/thesis/cpp/or_tools/examples/minimal_jobshop_cp/build/bin/minimal_jobshop_cp"
Directory: /Users/rustemkakimov/Code/thesis_container/thesis/cpp/or_tools/examples/minimal_jobshop_cp/build
"test_minimal_jobshop_cp" start time: Mar 06 13:04 EST
Output:
----------------------------------------------------------
I0306 13:04:09.091481 9529011 minimal_jobshop_cp.cc:41] Machines:  0 1 2
I0306 13:04:09.091517 9529011 minimal_jobshop_cp.cc:51] Jobs:
I0306 13:04:09.091522 9529011 minimal_jobshop_cp.cc:59] Job 0: [(0, 3)(1, 2)(2, 2)]

I0306 13:04:09.091526 9529011 minimal_jobshop_cp.cc:59] Job 1: [(0, 2)(2, 1)(1, 4)]

I0306 13:04:09.091529 9529011 minimal_jobshop_cp.cc:59] Job 2: [(1, 4)(2, 3)]

I0306 13:04:09.091533 9529011 minimal_jobshop_cp.cc:69] Horizon: 21
I0306 13:04:09.091794 9529011 search.cc:285] Start search (memory used = 6.56 MB)
I0306 13:04:09.091936 9529011 search.cc:285] Root node processed (time = 0 ms, constraints = 39, memory used = 6.73 MB)
I0306 13:04:09.092144 9529011 search.cc:285] Solution #0 (objective = 14, time = 0 ms, branches = 6, failures = 0, depth = 6, memory used = 6.82 MB)
I0306 13:04:09.092249 9529011 search.cc:285] Solution #1 (objective = 12, objective maximum = 14, time = 0 ms, branches = 8, failures = 4, depth = 4, memory used = 6.83 MB)
I0306 13:04:09.092316 9529011 search.cc:285] Solution #2 (objective = 11, objective maximum = 14, time = 0 ms, branches = 10, failures = 6, depth = 3, memory used = 6.83 MB)
I0306 13:04:09.092355 9529011 search.cc:285] Finished search tree (time = 0 ms, branches = 10, failures = 9, memory used = 6.83 MB)
I0306 13:04:09.092420 9529011 search.cc:285] End search (time = 1 ms, branches = 10, failures = 9, memory used = 6.83 MB, speed = 10000 branches/s)
I0306 13:04:09.092440 9529011 minimal_jobshop_cp.cc:159] Optimal Schedule Length: 11
I0306 13:04:09.092447 9529011 minimal_jobshop_cp.cc:160] 
I0306 13:04:09.092449 9529011 minimal_jobshop_cp.cc:162] Optimal Schedule:
I0306 13:04:09.092453 9529011 minimal_jobshop_cp.cc:171] Machine 0: Job_0_0 Job_1_0 
I0306 13:04:09.092468 9529011 minimal_jobshop_cp.cc:171] Machine 1: Job_2_0 Job_0_1 Job_1_2 
I0306 13:04:09.092475 9529011 minimal_jobshop_cp.cc:171] Machine 2: Job_1_1 Job_0_2 Job_2_1 
I0306 13:04:09.092482 9529011 minimal_jobshop_cp.cc:189] Time Intervals for Tasks: 
I0306 13:04:09.092485 9529011 minimal_jobshop_cp.cc:191] Machine 0: [( 0, 0),( 3, 3)][( 3, 3),( 5, 5)]
I0306 13:04:09.092486 9529011 minimal_jobshop_cp.cc:191] Machine 1: [( 0, 0),( 4, 4)][( 4, 4),( 6, 6)][( 6, 7),(10, 11)]
I0306 13:04:09.092488 9529011 minimal_jobshop_cp.cc:191] Machine 2: [( 5, 5),( 6, 6)][( 6, 6),( 8, 8)][( 8, 8),(11, 11)]
I0306 13:04:09.092490 9529011 minimal_jobshop_cp.cc:193] Advanced usage:
I0306 13:04:09.092491 9529011 minimal_jobshop_cp.cc:194] Time: 1ms
<end of output>
Test time =   0.43 sec
----------------------------------------------------------
Test Passed.
"test_minimal_jobshop_cp" end time: Mar 06 13:04 EST
"test_minimal_jobshop_cp" time elapsed: 00:00:00
----------------------------------------------------------

End testing: Mar 06 13:04 EST
