Start testing: Mar 06 13:03 EST
----------------------------------------------------------
1/1 Testing: test_simple_min_cost_flow_program
1/1 Test: test_simple_min_cost_flow_program
Command: "/Users/rustemkakimov/Code/thesis_container/thesis/cpp/or_tools/examples/simple_min_cost_flow_program/build/bin/simple_min_cost_flow_program"
Directory: /Users/rustemkakimov/Code/thesis_container/thesis/cpp/or_tools/examples/simple_min_cost_flow_program/build
"test_simple_min_cost_flow_program" start time: Mar 06 13:03 EST
Output:
----------------------------------------------------------
WARNING: All log messages before absl::InitializeLog() is called are written to STDERR
I0000 00:00:1741284199.231615 9525771 simple_min_cost_flow_program.cc:65] Minimum cost flow: 150
I0000 00:00:1741284199.231663 9525771 simple_min_cost_flow_program.cc:66] 
I0000 00:00:1741284199.231665 9525771 simple_min_cost_flow_program.cc:67]  Arc   Flow / Capacity  Cost
I0000 00:00:1741284199.231667 9525771 simple_min_cost_flow_program.cc:70] 0 -> 1  12  / 15       48
I0000 00:00:1741284199.231671 9525771 simple_min_cost_flow_program.cc:70] 0 -> 2  8  / 8       32
I0000 00:00:1741284199.231674 9525771 simple_min_cost_flow_program.cc:70] 1 -> 2  8  / 20       16
I0000 00:00:1741284199.231677 9525771 simple_min_cost_flow_program.cc:70] 1 -> 3  4  / 4       8
I0000 00:00:1741284199.231680 9525771 simple_min_cost_flow_program.cc:70] 1 -> 4  0  / 10       0
I0000 00:00:1741284199.231682 9525771 simple_min_cost_flow_program.cc:70] 2 -> 3  12  / 15       12
I0000 00:00:1741284199.231685 9525771 simple_min_cost_flow_program.cc:70] 2 -> 4  4  / 4       12
I0000 00:00:1741284199.231688 9525771 simple_min_cost_flow_program.cc:70] 3 -> 4  11  / 20       22
I0000 00:00:1741284199.231722 9525771 simple_min_cost_flow_program.cc:70] 4 -> 2  0  / 5       0
<end of output>
Test time =   0.31 sec
----------------------------------------------------------
Test Passed.
"test_simple_min_cost_flow_program" end time: Mar 06 13:03 EST
"test_simple_min_cost_flow_program" time elapsed: 00:00:00
----------------------------------------------------------

End testing: Mar 06 13:03 EST
