Start testing: Mar 06 13:03 EST
----------------------------------------------------------
1/1 Testing: test_linear_programming
1/1 Test: test_linear_programming
Command: "/Users/rustemkakimov/Code/thesis_container/thesis/cpp/or_tools/examples/linear_programming/build/bin/linear_programming"
Directory: /Users/rustemkakimov/Code/thesis_container/thesis/cpp/or_tools/examples/linear_programming/build
"test_linear_programming" start time: Mar 06 13:03 EST
Output:
----------------------------------------------------------
I0306 13:03:02.263426 9524245 linear_programming.cc:31] ---- Linear programming example with GLOP ----
I0306 13:03:02.264838 9524245 linear_programming.cc:78] Number of variables = 3
I0306 13:03:02.264853 9524245 linear_programming.cc:79] Number of constraints = 3
I0306 13:03:02.265501 9524245 linear_programming.cc:88] Problem solved in 0 milliseconds
I0306 13:03:02.265512 9524245 linear_programming.cc:91] Optimal objective value = 733.333
I0306 13:03:02.265519 9524245 linear_programming.cc:94] x1 = 33.3333
I0306 13:03:02.265522 9524245 linear_programming.cc:95] x2 = 66.6667
I0306 13:03:02.265524 9524245 linear_programming.cc:96] x3 = 0
I0306 13:03:02.265526 9524245 linear_programming.cc:98] Advanced usage:
I0306 13:03:02.265528 9524245 linear_programming.cc:99] Problem solved in 2 iterations
I0306 13:03:02.265533 9524245 linear_programming.cc:100] x1: reduced cost = 0
I0306 13:03:02.265535 9524245 linear_programming.cc:101] x2: reduced cost = 0
I0306 13:03:02.265537 9524245 linear_programming.cc:102] x3: reduced cost = -2.66667
I0306 13:03:02.265540 9524245 linear_programming.cc:104] c0: dual value = 3.33333 activity = 100
I0306 13:03:02.265543 9524245 linear_programming.cc:106] c1: dual value = 0.666667 activity = 600
I0306 13:03:02.265545 9524245 linear_programming.cc:108] c2: dual value = -0 activity = 200
I0306 13:03:02.265579 9524245 linear_programming.cc:31] ---- Linear programming example with CLP ----
I0306 13:03:02.265675 9524245 linear_programming.cc:78] Number of variables = 3
I0306 13:03:02.265680 9524245 linear_programming.cc:79] Number of constraints = 3
I0306 13:03:02.266152 9524245 linear_programming.cc:88] Problem solved in 0 milliseconds
I0306 13:03:02.266160 9524245 linear_programming.cc:91] Optimal objective value = 733.333
I0306 13:03:02.266164 9524245 linear_programming.cc:94] x1 = 33.3333
I0306 13:03:02.266166 9524245 linear_programming.cc:95] x2 = 66.6667
I0306 13:03:02.266168 9524245 linear_programming.cc:96] x3 = 0
I0306 13:03:02.266170 9524245 linear_programming.cc:98] Advanced usage:
I0306 13:03:02.266172 9524245 linear_programming.cc:99] Problem solved in 2 iterations
I0306 13:03:02.266174 9524245 linear_programming.cc:100] x1: reduced cost = -8.88178e-16
I0306 13:03:02.266177 9524245 linear_programming.cc:101] x2: reduced cost = 0
I0306 13:03:02.266179 9524245 linear_programming.cc:102] x3: reduced cost = -2.66667
I0306 13:03:02.266181 9524245 linear_programming.cc:104] c0: dual value = 3.33333 activity = 100
I0306 13:03:02.266184 9524245 linear_programming.cc:106] c1: dual value = 0.666667 activity = 600
I0306 13:03:02.266187 9524245 linear_programming.cc:108] c2: dual value = -0 activity = 200
I0306 13:03:02.266237 9524245 linear_programming.cc:31] ---- Linear programming example with GUROBI_LP ----
W0306 13:03:02.269254 9524245 environment.cc:36] NOT_FOUND: Could not find the Gurobi shared library. Looked in: [/Library/gurobi1103/mac64/lib/libgurobi110.dylib', '/Library/gurobi1103/macos_universal2/lib/libgurobi110.dylib', '/Library/gurobi1102/mac64/lib/libgurobi110.dylib', '/Library/gurobi1102/macos_universal2/lib/libgurobi110.dylib', '/Library/gurobi1101/mac64/lib/libgurobi110.dylib', '/Library/gurobi1101/macos_universal2/lib/libgurobi110.dylib', '/Library/gurobi1100/mac64/lib/libgurobi110.dylib', '/Library/gurobi1100/macos_universal2/lib/libgurobi110.dylib', '/Library/gurobi1003/mac64/lib/libgurobi100.dylib', '/Library/gurobi1003/macos_universal2/lib/libgurobi100.dylib', '/Library/gurobi1002/mac64/lib/libgurobi100.dylib', '/Library/gurobi1002/macos_universal2/lib/libgurobi100.dylib', '/Library/gurobi1001/mac64/lib/libgurobi100.dylib', '/Library/gurobi1001/macos_universal2/lib/libgurobi100.dylib', '/Library/gurobi1000/mac64/lib/libgurobi100.dylib', '/Library/gurobi1000/macos_universal2/lib/libgurobi100.dylib', '/Library/gurobi952/mac64/lib/libgurobi95.dylib', '/Library/gurobi952/macos_universal2/lib/libgurobi95.dylib', '/Library/gurobi951/mac64/lib/libgurobi95.dylib', '/Library/gurobi951/macos_universal2/lib/libgurobi95.dylib', '/Library/gurobi950/mac64/lib/libgurobi95.dylib', '/Library/gurobi950/macos_universal2/lib/libgurobi95.dylib', '/Library/gurobi911/mac64/lib/libgurobi91.dylib', '/Library/gurobi911/macos_universal2/lib/libgurobi91.dylib', '/Library/gurobi910/mac64/lib/libgurobi91.dylib', '/Library/gurobi910/macos_universal2/lib/libgurobi91.dylib', '/Library/gurobi903/mac64/lib/libgurobi90.dylib', '/Library/gurobi903/macos_universal2/lib/libgurobi90.dylib', '/Library/gurobi902/mac64/lib/libgurobi90.dylib', '/Library/gurobi902/macos_universal2/lib/libgurobi90.dylib', '/Library/gurobi811/mac64/lib/libgurobi81.dylib', '/Library/gurobi811/macos_universal2/lib/libgurobi81.dylib', '/Library/gurobi801/mac64/lib/libgurobi80.dylib', '/Library/gurobi801/macos_universal2/lib/libgurobi80.dylib', '/Library/gurobi752/mac64/lib/libgurobi75.dylib', '/Library/gurobi752/macos_universal2/lib/libgurobi75.dylib', '/opt/gurobi/linux64/lib/libgurobi.so.11.0.3', '/opt/gurobi/linux64/lib/libgurobi.so.11.0.2', '/opt/gurobi/linux64/lib/libgurobi.so.11.0.1', '/opt/gurobi/linux64/lib/libgurobi.so.11.0.0', '/opt/gurobi/linux64/lib/libgurobi.so.10.0.3', '/opt/gurobi/linux64/lib/libgurobi.so.10.0.2', '/opt/gurobi/linux64/lib/libgurobi.so.10.0.1', '/opt/gurobi/linux64/lib/libgurobi.so.10.0.0', '/opt/gurobi/linux64/lib/libgurobi.so.9.5.2', '/opt/gurobi/linux64/lib/libgurobi.so.9.5.1', '/opt/gurobi/linux64/lib/libgurobi.so.9.5.0]. If you know where it is, pass the full path to 'LoadGurobiDynamicLibrary()'.
I0306 13:03:02.269288 9524245 linear_programming.cc:39] Supports for solver GUROBI_LP not linked in.
I0306 13:03:02.269292 9524245 linear_programming.cc:31] ---- Linear programming example with CPLEX_LP ----
I0306 13:03:02.269296 9524245 linear_programming.cc:39] Supports for solver CPLEX_LP not linked in.
I0306 13:03:02.269297 9524245 linear_programming.cc:31] ---- Linear programming example with GLPK_LP ----
I0306 13:03:02.269299 9524245 linear_programming.cc:39] Supports for solver GLPK_LP not linked in.
I0306 13:03:02.269301 9524245 linear_programming.cc:31] ---- Linear programming example with XPRESS_LP ----
W0306 13:03:02.269310 9524245 environment.cc:201] Environment variable XPRESSDIR undefined.
W0306 13:03:02.269361 9524245 environment.cc:267] NOT_FOUND: Could not find the Xpress shared library. Looked in: [/Library/xpressmp/lib/libxprs.dylib]. Please check environment variable XPRESSDIR

I0306 13:03:02.269366 9524245 linear_programming.cc:39] Supports for solver XPRESS_LP not linked in.
I0306 13:03:02.269368 9524245 linear_programming.cc:31] ---- Linear programming example with PDLP ----
I0306 13:03:02.269385 9524245 linear_programming.cc:78] Number of variables = 3
I0306 13:03:02.269390 9524245 linear_programming.cc:79] Number of constraints = 3
I0306 13:03:02.270694 9524245 linear_programming.cc:88] Problem solved in 1 milliseconds
I0306 13:03:02.270705 9524245 linear_programming.cc:91] Optimal objective value = 733.334
I0306 13:03:02.270710 9524245 linear_programming.cc:94] x1 = 33.3324
I0306 13:03:02.270713 9524245 linear_programming.cc:95] x2 = 66.6682
I0306 13:03:02.270715 9524245 linear_programming.cc:96] x3 = 0
I0306 13:03:02.270717 9524245 linear_programming.cc:98] Advanced usage:
I0306 13:03:02.270719 9524245 linear_programming.cc:99] Problem solved in 256 iterations
I0306 13:03:02.270721 9524245 linear_programming.cc:100] x1: reduced cost = 5.58153e-07
I0306 13:03:02.270724 9524245 linear_programming.cc:101] x2: reduced cost = -2.67579e-07
I0306 13:03:02.270726 9524245 linear_programming.cc:102] x3: reduced cost = -2.66667
I0306 13:03:02.270729 9524245 linear_programming.cc:104] c0: dual value = 3.33333 activity = 100.001
I0306 13:03:02.270731 9524245 linear_programming.cc:106] c1: dual value = 0.666667 activity = 599.997
I0306 13:03:02.270734 9524245 linear_programming.cc:108] c2: dual value = -0 activity = 200.001
<end of output>
Test time =   0.43 sec
----------------------------------------------------------
Test Passed.
"test_linear_programming" end time: Mar 06 13:03 EST
"test_linear_programming" time elapsed: 00:00:00
----------------------------------------------------------

End testing: Mar 06 13:03 EST
