Start testing: Mar 06 13:03 EST
----------------------------------------------------------
1/1 Testing: test_simple_sat_program
1/1 Test: test_simple_sat_program
Command: "/Users/rustemkakimov/Code/thesis_container/thesis/cpp/or_tools/examples/simple_sat_program/build/bin/simple_sat_program"
Directory: /Users/rustemkakimov/Code/thesis_container/thesis/cpp/or_tools/examples/simple_sat_program/build
"test_simple_sat_program" start time: Mar 06 13:03 EST
Output:
----------------------------------------------------------
WARNING: All log messages before absl::InitializeLog() is called are written to STDERR
I0000 00:00:1741284211.346221 9526735 simple_sat_program.cc:53] x = 1
I0000 00:00:1741284211.346259 9526735 simple_sat_program.cc:54] y = 0
I0000 00:00:1741284211.346263 9526735 simple_sat_program.cc:55] z = 0
<end of output>
Test time =   0.28 sec
----------------------------------------------------------
Test Passed.
"test_simple_sat_program" end time: Mar 06 13:03 EST
"test_simple_sat_program" time elapsed: 00:00:00
----------------------------------------------------------

End testing: Mar 06 13:03 EST
